SF:lib/utils/privacy_option.dart
DA:9,4
DA:11,4
DA:13,2
LF:3
LH:3
end_of_record
SF:lib/utils/upload_service.dart
DA:11,4
DA:16,4
DA:18,8
DA:19,4
DA:20,4
DA:22,4
LF:6
LH:6
end_of_record
SF:lib/utils/location_utils.dart
DA:5,5
DA:10,5
DA:13,1
DA:16,4
DA:17,4
DA:19,1
DA:23,4
DA:25,1
DA:26,1
DA:27,1
DA:29,1
DA:30,1
DA:35,3
DA:39,4
DA:41,4
DA:42,3
DA:44,18
DA:49,4
DA:50,4
DA:51,1
DA:54,4
DA:55,4
DA:56,3
DA:58,1
DA:61,2
LF:25
LH:25
end_of_record
SF:lib/utils/image_utils.dart
DA:5,3
DA:6,3
DA:7,3
DA:9,6
DA:12,3
DA:17,3
DA:18,3
DA:19,3
DA:20,3
DA:22,3
DA:23,6
DA:24,6
LF:12
LH:12
end_of_record
SF:lib/utils/update_profile_pic.dart
DA:11,1
DA:14,1
DA:17,1
DA:18,1
DA:25,1
DA:28,1
DA:29,1
DA:31,2
DA:33,1
DA:37,3
DA:38,1
LF:11
LH:11
end_of_record
SF:lib/utils/save_post_service.dart
DA:13,2
DA:16,2
DA:24,4
DA:26,2
DA:27,2
DA:28,2
DA:29,2
DA:30,2
DA:32,4
DA:34,4
DA:41,2
DA:43,2
DA:46,2
LF:13
LH:13
end_of_record
SF:lib/screens/Intros/intro_page_2.dart
DA:5,16
DA:7,1
DA:8,1
DA:12,1
DA:14,1
DA:16,1
DA:17,1
DA:20,1
DA:27,1
DA:31,1
LF:10
LH:10
end_of_record
SF:lib/models/notification.dart
DA:13,4
DA:26,10
DA:29,2
DA:31,2
DA:32,2
DA:33,2
DA:34,2
DA:35,4
DA:36,2
DA:37,4
DA:38,4
DA:39,2
DA:40,2
DA:45,3
DA:46,3
DA:47,3
DA:48,3
DA:49,3
DA:50,3
DA:52,3
DA:53,5
DA:54,2
DA:55,0
DA:60,2
DA:62,4
DA:63,2
DA:64,2
DA:66,4
DA:67,2
DA:68,2
DA:69,2
DA:71,4
DA:79,0
DA:83,3
DA:89,3
DA:90,3
DA:91,3
DA:92,3
DA:93,3
DA:94,3
DA:96,5
DA:97,6
LF:42
LH:40
end_of_record
SF:lib/models/post.dart
DA:37,10
DA:48,30
DA:54,2
DA:55,4
DA:56,2
DA:57,2
DA:58,4
DA:59,2
DA:60,4
DA:61,6
DA:62,2
DA:64,4
DA:69,4
DA:70,2
DA:72,2
DA:77,2
DA:80,6
DA:82,2
DA:88,2
DA:89,4
DA:90,2
DA:91,2
DA:92,4
DA:93,2
DA:94,4
DA:95,6
DA:96,2
DA:105,2
DA:107,2
DA:108,2
DA:109,2
DA:110,2
DA:111,2
DA:112,2
DA:113,4
DA:115,2
DA:120,2
DA:121,1
DA:123,1
DA:128,1
DA:131,3
DA:133,1
DA:139,1
DA:140,1
DA:141,1
DA:142,2
DA:143,1
DA:144,2
DA:145,1
DA:147,1
DA:148,1
DA:149,2
DA:150,1
DA:151,2
DA:152,1
DA:153,1
DA:154,2
DA:155,2
DA:164,2
DA:167,2
DA:168,2
DA:169,2
DA:170,2
DA:171,2
DA:173,2
DA:174,1
DA:178,1
DA:182,1
DA:187,1
DA:188,1
DA:189,1
DA:190,1
DA:191,1
DA:192,1
DA:193,1
DA:194,1
DA:195,1
LF:77
LH:77
end_of_record
SF:lib/models/user.dart
DA:29,9
DA:30,9
DA:31,9
DA:32,18
DA:33,9
DA:34,17
DA:35,8
DA:36,8
DA:37,8
DA:38,8
DA:39,8
DA:40,4
DA:43,9
DA:44,9
DA:45,18
DA:46,9
DA:47,9
DA:48,17
DA:49,16
DA:50,20
DA:52,12
DA:53,4
DA:55,4
DA:56,4
DA:57,4
DA:58,4
DA:59,4
DA:60,4
DA:61,4
DA:62,4
DA:65,8
DA:70,8
DA:72,40
DA:74,7
DA:75,6
DA:76,6
DA:77,6
DA:78,6
DA:81,7
DA:82,7
DA:83,14
DA:84,7
DA:85,7
DA:86,14
DA:87,14
DA:88,17
DA:90,9
DA:91,3
DA:93,3
DA:94,3
DA:95,3
DA:96,3
DA:97,3
DA:98,3
DA:99,3
DA:100,3
DA:103,7
DA:110,2
DA:111,2
DA:112,2
DA:113,2
DA:114,4
DA:115,4
DA:121,2
DA:122,2
DA:123,2
DA:124,2
DA:125,4
DA:126,4
DA:132,2
DA:133,2
DA:134,12
DA:140,0
DA:141,0
DA:142,0
DA:143,0
DA:144,0
DA:145,0
LF:78
LH:72
end_of_record
SF:lib/screens/notificationpage.dart
DA:14,2
DA:19,2
DA:21,2
DA:22,2
DA:28,2
DA:30,2
DA:31,8
DA:32,6
DA:33,6
DA:34,6
DA:37,2
DA:39,2
DA:40,2
DA:41,2
DA:43,2
DA:45,2
DA:46,2
DA:47,2
DA:48,4
DA:49,4
DA:52,1
DA:53,0
DA:54,0
DA:57,1
DA:58,1
DA:59,0
DA:63,1
DA:64,1
DA:65,1
DA:66,1
DA:67,3
DA:68,0
DA:69,0
DA:70,0
DA:72,1
DA:73,1
DA:76,1
DA:79,1
DA:80,1
DA:81,2
DA:83,1
DA:84,1
DA:85,2
DA:86,1
DA:87,1
DA:88,3
DA:95,1
DA:96,2
DA:107,1
DA:109,1
DA:110,1
DA:111,1
DA:112,2
LF:53
LH:47
end_of_record
SF:lib/widgets/individual_post_view.dart
DA:14,1
DA:16,1
DA:18,1
DA:21,1
DA:22,1
DA:23,4
DA:24,1
DA:25,1
DA:27,1
DA:28,4
DA:29,3
DA:30,1
DA:32,1
DA:33,1
DA:34,1
DA:35,1
DA:36,1
DA:37,1
DA:38,1
DA:39,1
DA:41,1
DA:43,1
DA:44,2
DA:51,2
DA:52,1
DA:54,1
DA:56,1
DA:57,1
DA:58,2
DA:68,1
DA:70,4
DA:71,4
DA:73,1
DA:74,1
DA:75,1
DA:77,2
DA:78,1
DA:79,1
DA:87,1
DA:88,1
DA:89,1
DA:90,2
DA:92,1
DA:93,3
DA:95,3
DA:103,1
DA:105,1
DA:113,1
DA:114,1
DA:115,2
DA:134,1
DA:135,3
DA:136,1
DA:138,1
DA:139,0
DA:140,0
DA:142,0
DA:157,1
DA:158,3
DA:160,4
DA:178,1
DA:179,1
DA:180,1
DA:181,2
DA:189,1
DA:190,1
DA:192,1
DA:194,1
DA:195,1
DA:196,1
DA:197,1
DA:199,1
DA:209,1
DA:211,1
DA:212,1
DA:213,1
DA:215,1
DA:216,1
DA:217,1
DA:219,2
DA:220,1
LF:81
LH:78
end_of_record
SF:lib/widgets/comment_card.dart
DA:8,2
DA:10,2
DA:12,2
DA:13,2
DA:14,2
DA:15,2
DA:16,2
DA:17,2
DA:18,2
DA:19,2
DA:20,2
DA:21,2
DA:22,8
DA:23,2
DA:24,4
DA:25,4
DA:27,2
DA:30,2
DA:31,2
DA:32,2
DA:33,2
DA:34,2
DA:35,6
DA:36,2
DA:37,2
DA:38,2
DA:40,2
DA:42,6
DA:43,2
DA:45,2
DA:47,2
DA:48,2
DA:49,2
DA:50,2
DA:51,2
DA:52,4
DA:54,2
DA:55,6
DA:63,2
LF:39
LH:39
end_of_record
SF:lib/widgets/custom_profile_pic.dart
DA:8,6
DA:10,6
DA:11,3
LF:3
LH:3
end_of_record
SF:lib/widgets/done_button.dart
DA:6,1
DA:7,1
DA:8,1
LF:3
LH:3
end_of_record
SF:lib/widgets/header.dart
DA:5,2
DA:6,2
DA:7,2
LF:3
LH:3
end_of_record
SF:lib/widgets/like_button.dart
DA:10,1
DA:12,1
DA:13,1
DA:26,1
DA:28,1
DA:29,3
DA:30,3
DA:31,6
DA:32,2
DA:33,2
DA:34,0
DA:37,0
DA:39,1
DA:42,1
DA:47,1
DA:48,4
DA:52,1
DA:53,4
DA:57,1
DA:58,2
DA:59,2
DA:60,1
DA:61,1
DA:62,1
DA:63,2
DA:66,1
DA:69,1
DA:70,1
DA:71,2
DA:74,1
DA:81,1
DA:83,1
DA:84,1
DA:85,1
DA:86,1
DA:87,1
DA:89,1
DA:90,4
DA:91,4
LF:39
LH:37
end_of_record
SF:lib/widgets/progress.dart
DA:5,4
DA:6,4
DA:16,1
DA:17,1
LF:4
LH:4
end_of_record
SF:lib/screens/Intros/intro_page_4.dart
DA:5,16
DA:7,1
DA:8,1
DA:12,1
DA:14,1
DA:16,1
DA:17,1
DA:20,1
DA:27,1
DA:30,1
LF:10
LH:10
end_of_record
SF:lib/screens/Intros/intro_page_1.dart
DA:4,16
DA:6,3
DA:7,3
DA:11,3
DA:13,3
DA:15,3
DA:16,3
DA:19,3
DA:24,3
DA:27,3
LF:10
LH:10
end_of_record
SF:lib/screens/Intros/intro_page_3.dart
DA:5,16
DA:7,1
DA:8,1
DA:12,1
DA:14,1
DA:16,1
DA:17,1
DA:20,1
DA:27,1
DA:30,1
LF:10
LH:10
end_of_record
SF:lib/screens/Profile/about_us.dart
DA:8,1
DA:11,1
DA:13,1
DA:14,1
DA:15,1
DA:16,1
DA:30,1
DA:32,1
DA:38,1
DA:39,1
DA:43,4
DA:45,1
DA:46,1
DA:47,1
DA:62,1
DA:86,1
DA:87,1
DA:91,4
DA:93,1
DA:94,1
DA:95,1
DA:110,1
DA:111,1
DA:112,1
DA:113,1
DA:114,1
DA:128,1
DA:143,1
DA:144,1
DA:145,1
DA:159,1
DA:179,1
DA:181,1
DA:182,3
DA:183,2
DA:191,1
DA:193,1
DA:194,2
DA:195,3
LF:39
LH:39
end_of_record
SF:lib/screens/Profile/privacy_policy.dart
DA:8,1
DA:10,1
DA:12,1
DA:13,1
DA:14,1
DA:15,2
DA:16,1
DA:17,1
DA:18,1
DA:19,1
DA:32,1
DA:34,1
DA:36,1
DA:38,1
DA:39,1
DA:40,1
DA:50,1
DA:51,1
DA:52,1
LF:19
LH:19
end_of_record
SF:lib/screens/Profile/terms_and_conditions.dart
DA:9,1
DA:11,1
DA:13,1
DA:14,1
DA:15,1
DA:16,2
DA:17,1
DA:18,1
DA:19,1
DA:20,1
DA:33,1
DA:35,1
DA:37,1
DA:47,1
DA:48,1
DA:49,1
LF:16
LH:16
end_of_record
SF:lib/screens/Profile/edit_user.dart
DA:11,1
DA:13,1
DA:15,1
DA:17,2
DA:19,2
DA:21,2
DA:23,1
DA:24,1
DA:29,1
DA:30,1
DA:32,1
DA:33,1
DA:34,2
DA:35,2
DA:36,2
DA:37,2
DA:39,1
DA:44,1
DA:46,1
DA:47,1
DA:48,1
DA:50,1
DA:51,0
DA:52,0
DA:53,0
DA:55,1
DA:56,1
DA:57,2
DA:74,1
DA:83,1
DA:92,1
LF:31
LH:28
end_of_record
SF:lib/screens/Profile/help_center.dart
DA:6,15
DA:8,1
DA:10,1
DA:11,1
DA:12,1
LF:5
LH:5
end_of_record
SF:lib/screens/Profile/more_options_profile.dart
DA:10,1
DA:11,4
DA:12,1
DA:14,1
DA:15,1
DA:16,4
DA:19,1
DA:21,1
DA:22,1
DA:23,1
DA:24,1
DA:26,1
DA:27,1
DA:28,1
DA:30,1
DA:32,1
DA:33,2
DA:43,1
DA:44,1
DA:45,1
DA:48,1
DA:49,1
DA:50,1
DA:52,1
DA:53,1
DA:55,1
DA:58,1
DA:72,1
DA:73,1
DA:74,1
DA:77,1
DA:78,1
DA:79,3
DA:80,2
DA:82,1
DA:85,1
DA:99,1
DA:100,1
DA:101,1
DA:104,1
DA:105,0
DA:106,0
DA:108,1
DA:111,1
LF:44
LH:42
end_of_record
SF:lib/screens/Profile/signout_modal.dart
DA:7,1
DA:8,1
DA:10,2
DA:13,2
DA:15,1
DA:16,1
DA:18,1
DA:19,1
DA:20,2
DA:22,1
DA:25,1
DA:26,1
DA:35,1
DA:37,1
DA:38,1
DA:39,1
DA:40,1
DA:42,1
DA:43,0
DA:47,1
DA:50,1
DA:51,1
LF:22
LH:21
end_of_record
SF:lib/screens/Profile/profile.dart
DA:14,2
DA:16,1
DA:17,1
DA:28,1
DA:30,1
DA:35,1
DA:37,2
DA:38,1
DA:39,1
DA:45,1
DA:46,1
DA:48,1
DA:49,3
DA:50,2
DA:51,2
DA:52,2
DA:60,1
DA:62,1
DA:64,1
DA:65,1
DA:75,1
DA:76,1
DA:77,1
DA:78,1
DA:80,1
DA:82,1
DA:84,1
DA:85,3
DA:91,1
DA:93,1
DA:94,1
DA:96,1
DA:98,1
DA:99,3
DA:101,3
DA:118,1
DA:119,3
DA:120,1
DA:122,1
DA:124,1
DA:125,2
DA:126,2
DA:129,1
DA:130,2
DA:132,1
DA:135,1
DA:142,1
DA:144,1
DA:146,1
DA:147,1
DA:149,1
DA:150,2
DA:151,1
DA:152,1
DA:165,1
DA:166,1
DA:178,1
DA:179,4
DA:192,2
DA:193,1
DA:198,4
DA:199,1
DA:200,2
DA:201,1
DA:202,2
DA:203,0
DA:204,0
DA:205,0
DA:207,1
DA:208,2
DA:213,1
LF:71
LH:68
end_of_record
SF:lib/screens/Profile/share_profile.dart
DA:12,1
DA:18,1
DA:20,2
DA:21,1
DA:22,1
DA:23,1
DA:24,1
DA:25,1
DA:27,1
DA:28,1
DA:30,1
DA:33,1
DA:35,1
DA:42,1
DA:43,1
DA:44,2
DA:45,2
DA:53,1
DA:55,1
DA:56,1
DA:59,1
DA:61,1
DA:62,1
DA:65,0
DA:66,0
DA:68,1
DA:83,1
DA:86,1
DA:88,1
DA:89,1
DA:92,0
DA:93,0
DA:95,1
LF:33
LH:29
end_of_record
SF:lib/screens/login_page.dart
DA:18,3
DA:21,3
DA:22,3
DA:26,3
DA:27,3
DA:30,3
DA:31,3
DA:35,3
DA:37,9
DA:38,9
DA:39,3
DA:53,3
DA:55,6
DA:56,6
DA:57,3
DA:60,3
DA:62,9
DA:64,3
DA:65,3
DA:66,3
DA:67,3
DA:68,3
DA:70,3
DA:79,3
DA:80,3
DA:83,3
DA:84,3
DA:96,3
DA:97,3
DA:100,3
DA:102,3
DA:103,3
DA:104,3
DA:106,3
DA:125,3
DA:126,3
DA:129,3
DA:130,3
DA:131,3
DA:132,3
DA:136,3
DA:138,3
DA:157,3
DA:159,3
DA:162,3
DA:163,2
DA:165,6
DA:166,6
DA:172,4
DA:173,2
DA:174,2
DA:182,1
DA:183,1
DA:184,2
DA:196,4
DA:197,2
DA:202,2
DA:204,2
DA:205,2
DA:206,2
DA:208,1
DA:212,1
DA:213,1
DA:214,2
DA:215,2
DA:223,1
DA:224,2
DA:225,2
DA:236,0
DA:239,3
DA:242,3
DA:243,3
DA:244,3
DA:271,3
DA:274,3
DA:276,1
DA:277,1
DA:279,1
DA:308,3
LF:79
LH:78
end_of_record
SF:lib/screens/custom_marker_window.dart
DA:22,1
DA:28,1
DA:30,2
DA:36,1
DA:39,1
DA:41,1
DA:42,1
DA:44,1
DA:46,2
DA:47,1
DA:48,2
DA:49,1
DA:56,1
DA:57,3
DA:58,1
DA:59,1
DA:61,1
DA:63,1
DA:64,1
DA:65,1
DA:66,1
DA:68,1
DA:69,4
DA:70,1
DA:71,3
DA:72,2
DA:73,1
DA:74,1
DA:75,1
DA:78,1
DA:79,1
DA:80,1
DA:81,2
DA:82,0
DA:83,0
DA:84,0
DA:86,1
DA:89,1
DA:92,1
DA:93,1
DA:94,1
DA:107,1
DA:109,1
DA:110,1
DA:111,1
DA:113,1
DA:114,1
DA:129,1
LF:48
LH:45
end_of_record
SF:lib/screens/homepage.dart
DA:14,1
DA:17,1
DA:18,1
DA:30,1
DA:32,1
DA:33,3
DA:34,3
DA:35,4
DA:37,1
DA:38,1
DA:39,3
DA:40,3
DA:47,2
DA:50,1
DA:52,2
DA:53,1
DA:57,1
DA:58,2
DA:59,1
DA:64,1
DA:65,2
DA:73,1
DA:74,1
DA:75,1
DA:76,1
DA:77,1
DA:79,1
DA:80,1
DA:81,1
DA:82,1
DA:84,1
DA:85,1
DA:86,1
DA:88,1
DA:93,1
DA:94,1
DA:96,1
DA:111,3
DA:117,1
DA:119,1
DA:120,0
DA:121,1
LF:42
LH:41
end_of_record
SF:lib/screens/register_page.dart
DA:19,1
DA:28,1
DA:29,1
DA:33,1
DA:34,1
DA:37,1
DA:38,1
DA:56,1
DA:58,3
DA:59,3
DA:60,1
DA:63,1
DA:65,2
DA:66,2
DA:67,2
DA:68,2
DA:69,2
DA:70,2
DA:71,1
DA:75,1
DA:76,2
DA:84,2
DA:85,3
DA:91,1
DA:92,1
DA:93,1
DA:94,1
DA:95,1
DA:97,1
DA:98,1
DA:99,2
DA:106,1
DA:109,1
DA:110,1
DA:118,1
DA:121,1
DA:122,1
DA:130,1
DA:131,5
DA:132,1
DA:133,1
DA:134,1
DA:135,1
DA:139,1
DA:140,1
DA:142,1
DA:143,1
DA:152,1
DA:153,1
DA:155,3
DA:164,1
DA:165,1
DA:166,1
DA:167,2
DA:172,3
DA:185,1
DA:186,1
DA:188,3
DA:189,1
DA:190,3
DA:191,3
DA:192,2
DA:193,1
DA:196,1
DA:200,1
DA:201,1
DA:203,1
DA:204,2
DA:209,1
DA:210,3
DA:211,3
DA:212,3
DA:213,3
DA:220,1
DA:222,6
DA:232,1
DA:233,7
DA:239,1
DA:241,3
DA:243,1
DA:244,1
DA:245,1
DA:247,1
DA:256,1
DA:257,1
DA:261,1
DA:263,1
DA:274,1
DA:276,1
DA:277,1
DA:278,1
DA:280,1
DA:281,1
DA:282,1
DA:284,1
DA:301,1
DA:302,1
DA:303,1
DA:305,1
DA:306,1
DA:307,1
DA:309,1
DA:328,1
DA:329,1
DA:330,1
DA:332,1
DA:333,1
DA:334,1
DA:336,1
DA:353,1
DA:354,1
DA:355,1
DA:357,1
DA:358,1
DA:359,1
DA:361,1
DA:376,1
DA:377,1
DA:378,1
DA:381,1
DA:383,1
DA:384,1
DA:385,1
DA:388,1
DA:404,1
DA:405,1
DA:406,1
DA:408,1
DA:409,1
DA:410,1
DA:413,1
DA:428,1
DA:429,1
DA:444,1
DA:446,1
DA:448,1
DA:449,1
DA:450,1
DA:452,1
DA:455,1
DA:456,1
DA:457,1
DA:483,1
DA:485,1
DA:486,1
DA:487,1
DA:488,0
DA:490,0
DA:492,0
DA:493,0
LF:150
LH:146
end_of_record
SF:lib/widgets/text_entry_box.dart
DA:4,4
DA:5,4
LF:2
LH:2
end_of_record
SF:lib/screens/upload.dart
DA:25,2
DA:27,2
DA:28,2
DA:61,2
DA:63,5
DA:67,1
DA:68,2
DA:69,1
DA:70,1
DA:71,2
DA:72,2
DA:73,1
DA:78,1
DA:80,3
DA:81,2
DA:82,2
DA:83,2
DA:88,1
DA:90,4
DA:91,2
DA:92,1
DA:97,1
DA:98,1
DA:99,1
DA:102,4
DA:108,1
DA:109,5
DA:116,3
DA:119,3
DA:122,2
DA:123,1
DA:126,1
DA:127,1
DA:128,1
DA:131,6
DA:133,1
DA:135,1
DA:136,1
DA:137,2
DA:138,1
DA:139,2
DA:142,2
DA:143,2
DA:145,2
DA:146,1
DA:147,1
DA:148,2
DA:153,1
DA:154,1
DA:155,1
DA:157,1
DA:163,1
DA:169,1
DA:170,1
DA:171,2
DA:180,1
DA:181,1
DA:182,1
DA:183,1
DA:185,5
DA:186,1
DA:187,1
DA:188,1
DA:189,1
DA:190,1
DA:191,1
DA:193,2
DA:203,1
DA:204,1
DA:206,1
DA:208,1
DA:220,1
DA:230,1
DA:234,1
DA:237,0
DA:238,0
DA:239,0
DA:242,2
DA:243,1
DA:245,2
DA:247,1
DA:253,1
DA:259,1
DA:261,1
DA:262,1
DA:272,1
DA:276,1
DA:277,1
DA:278,1
DA:281,3
DA:282,2
DA:283,2
DA:284,2
DA:285,2
DA:301,2
DA:302,2
DA:304,2
DA:305,2
DA:309,2
DA:311,2
DA:312,3
DA:313,2
DA:314,2
DA:316,2
DA:331,1
DA:332,1
DA:334,1
DA:335,1
DA:337,1
DA:338,1
DA:340,1
DA:341,1
DA:342,1
DA:345,1
DA:347,2
DA:356,1
DA:357,2
DA:364,2
DA:365,3
LF:119
LH:116
end_of_record
SF:lib/screens/timeline.dart
DA:28,2
DA:30,2
DA:32,2
DA:33,2
DA:63,2
DA:65,2
DA:66,2
DA:67,4
DA:70,5
DA:71,3
DA:72,2
DA:73,2
DA:74,1
DA:77,2
DA:78,2
DA:79,3
DA:87,8
DA:89,3
DA:90,2
DA:91,2
DA:97,2
DA:98,6
DA:102,1
DA:103,2
DA:104,1
DA:105,2
DA:108,2
DA:110,4
DA:111,2
DA:114,2
DA:116,2
DA:117,2
DA:120,2
DA:121,2
DA:128,1
DA:129,2
DA:131,1
DA:133,2
DA:134,2
DA:135,2
DA:136,2
DA:137,2
DA:138,2
DA:139,1
DA:140,2
DA:143,2
DA:144,2
DA:148,2
DA:155,1
DA:156,1
DA:158,1
DA:160,1
DA:161,2
DA:163,1
DA:164,2
DA:165,4
DA:174,2
DA:176,2
DA:178,2
DA:181,2
DA:182,2
DA:184,4
DA:185,1
DA:187,2
DA:190,1
DA:191,4
DA:192,3
DA:194,2
DA:195,2
DA:196,3
DA:197,1
DA:198,1
DA:199,1
DA:206,2
DA:207,2
DA:208,1
DA:211,2
DA:212,1
DA:213,1
DA:224,2
DA:225,2
DA:226,2
DA:227,3
DA:228,1
DA:229,1
DA:230,1
DA:231,2
DA:232,2
DA:233,1
DA:234,1
DA:235,1
DA:237,0
DA:238,0
DA:240,1
DA:241,1
DA:242,2
DA:244,1
DA:246,1
DA:247,1
DA:254,2
DA:261,0
DA:262,0
DA:264,2
LF:103
LH:99
end_of_record
SF:lib/screens/welcome_page.dart
DA:13,4
DA:15,2
DA:16,2
DA:23,2
DA:25,4
DA:26,2
DA:29,2
DA:31,2
DA:32,2
DA:33,2
DA:35,2
DA:44,2
DA:45,2
DA:56,2
DA:58,2
DA:59,2
DA:61,1
DA:62,2
DA:75,2
DA:77,2
DA:79,2
DA:81,2
DA:83,2
DA:85,2
DA:86,1
DA:88,1
DA:90,1
DA:91,0
DA:95,2
DA:120,2
DA:121,1
DA:123,1
DA:125,1
DA:126,0
DA:130,2
LF:35
LH:33
end_of_record
SF:lib/widgets/map_markers.dart
DA:11,2
DA:16,4
DA:18,2
DA:20,4
DA:21,4
DA:22,4
DA:23,2
DA:25,4
DA:27,2
DA:28,4
DA:31,4
DA:32,4
DA:34,4
DA:35,4
DA:38,4
DA:41,4
DA:45,2
DA:47,4
DA:48,2
DA:50,2
DA:53,2
DA:54,4
DA:55,2
DA:56,4
DA:58,2
DA:59,0
DA:60,0
DA:61,0
DA:69,2
LF:29
LH:26
end_of_record
SF:lib/firebase_options.dart
DA:18,1
DA:22,1
DA:23,1
DA:25,1
DA:27,1
DA:29,1
DA:30,1
DA:34,1
DA:35,1
DA:40,1
LF:10
LH:10
end_of_record
SF:lib/main.dart
DA:14,0
DA:15,0
DA:16,0
DA:17,0
DA:23,4
DA:30,1
DA:32,1
DA:35,1
DA:36,1
DA:38,2
LF:10
LH:6
end_of_record
